<?xml version="1.0" encoding="UTF-8"?>
<!-- Generated by org.testng.reporters.JUnitReportReporter -->
<testsuite hostname="DESKTOP-P1CM33A" failures="0" tests="1" name="BaseTest.GetRequest" time="0.161" errors="0" timestamp="2024-07-30T10:46:28 IST" skipped="0">
  <testcase classname="BaseTest.GetRequest" name="get_Request" time="0.161"/>
</testsuite> <!-- BaseTest.GetRequest -->
