<?xml version="1.0" encoding="UTF-8"?>
<!-- Generated by org.testng.reporters.JUnitReportReporter -->
<testsuite hostname="DESKTOP-P1CM33A" failures="0" tests="1" name="BaseTest.DeleteRequest" time="2.951" errors="0" timestamp="2024-07-30T11:00:33 IST" skipped="0">
  <testcase classname="BaseTest.DeleteRequest" name="getDeleteRequest" time="2.951"/>
</testsuite> <!-- BaseTest.DeleteRequest -->
