<?xml version="1.0" encoding="UTF-8"?>
<!-- Generated by org.testng.reporters.JUnitReportReporter -->
<testsuite hostname="DESKTOP-P1CM33A" failures="0" tests="1" name="BaseTest.PostRegistrationSuccessfull" time="2.744" errors="0" timestamp="2024-07-30T18:44:12 IST" skipped="0">
  <testcase classname="BaseTest.PostRegistrationSuccessfull" name="postRegistration" time="2.744"/>
</testsuite> <!-- BaseTest.PostRegistrationSuccessfull -->
