<?xml version="1.0" encoding="UTF-8"?>
<!-- Generated by org.testng.reporters.JUnitReportReporter -->
<testsuite hostname="DESKTOP-P1CM33A" failures="0" tests="1" name="BaseTest.GetSingleResource" time="2.244" errors="0" timestamp="2024-07-30T17:52:38 IST" skipped="0">
  <testcase classname="BaseTest.GetSingleResource" name="getSingleRes" time="2.244"/>
</testsuite> <!-- BaseTest.GetSingleResource -->
