<?xml version="1.0" encoding="UTF-8"?>
<!-- Generated by org.testng.reporters.JUnitReportReporter -->
<testsuite hostname="DESKTOP-P1CM33A" failures="0" tests="1" name="Bookstore.Authentication" time="3.681" errors="0" timestamp="2024-08-02T10:16:52 IST" skipped="0">
  <testcase classname="Bookstore.Authentication" name="getAuthentication" time="3.681"/>
</testsuite> <!-- Bookstore.Authentication -->
