<?xml version="1.0" encoding="UTF-8"?>
<!-- Generated by org.testng.reporters.JUnitReportReporter -->
<testsuite hostname="DESKTOP-P1CM33A" failures="0" tests="1" name="BaseTest.GetDelayResponse" time="5.747" errors="0" timestamp="2024-07-30T18:06:03 IST" skipped="0">
  <testcase classname="BaseTest.GetDelayResponse" name="getDelay" time="5.747"/>
</testsuite> <!-- BaseTest.GetDelayResponse -->
