<?xml version="1.0" encoding="UTF-8"?>
<!-- Generated by org.testng.reporters.JUnitReportReporter -->
<testsuite hostname="DESKTOP-P1CM33A" failures="0" tests="1" name="BaseTest.PostRequest" time="2.496" errors="0" timestamp="2024-07-30T18:31:24 IST" skipped="0">
  <testcase classname="BaseTest.PostRequest" name="getPostRequest" time="2.496"/>
</testsuite> <!-- BaseTest.PostRequest -->
