<?xml version="1.0" encoding="UTF-8"?>
<!-- Generated by org.testng.reporters.JUnitReportReporter -->
<testsuite hostname="DESKTOP-P1CM33A" failures="0" tests="1" name="BaseTest.PutRequest" time="2.902" errors="0" timestamp="2024-07-30T10:46:28 IST" skipped="0">
  <testcase classname="BaseTest.PutRequest" name="getPutRequest" time="2.902"/>
</testsuite> <!-- BaseTest.PutRequest -->
