<?xml version="1.0" encoding="UTF-8"?>
<!-- Generated by org.testng.reporters.JUnitReportReporter -->
<testsuite hostname="DESKTOP-P1CM33A" failures="0" tests="1" name="BaseTest.GetListUsers" time="2.203" errors="0" timestamp="2024-07-30T17:22:45 IST" skipped="0">
  <testcase classname="BaseTest.GetListUsers" name="getList" time="2.203"/>
</testsuite> <!-- BaseTest.GetListUsers -->
