<?xml version="1.0" encoding="UTF-8"?>
<!-- Generated by org.testng.reporters.JUnitReportReporter -->
<testsuite hostname="DESKTOP-P1CM33A" failures="0" tests="1" name="Bookstore.CleintAuthorization" time="4.279" errors="0" timestamp="2024-08-02T14:54:28 IST" skipped="0">
  <testcase classname="Bookstore.CleintAuthorization" name="getDetailsWithAuth" time="4.279"/>
</testsuite> <!-- Bookstore.CleintAuthorization -->
