<?xml version="1.0" encoding="UTF-8"?>
<!-- Generated by org.testng.reporters.JUnitReportReporter -->
<testsuite hostname="DESKTOP-P1CM33A" failures="0" tests="1" name="Bookstore.GoogleMap" time="2.096" errors="0" timestamp="2024-08-02T17:16:37 IST" skipped="0">
  <testcase classname="Bookstore.GoogleMap" name="postGoogleMap" time="2.096"/>
</testsuite> <!-- Bookstore.GoogleMap -->
