<?xml version="1.0" encoding="UTF-8"?>
<!-- Generated by org.testng.reporters.JUnitReportReporter -->
<testsuite hostname="DESKTOP-P1CM33A" failures="0" tests="1" name="BaseTest.GetListResource" time="2.332" errors="0" timestamp="2024-07-30T17:45:15 IST" skipped="0">
  <testcase classname="BaseTest.GetListResource" name="getListRes" time="2.332"/>
</testsuite> <!-- BaseTest.GetListResource -->
