<?xml version="1.0" encoding="UTF-8"?>
<!-- Generated by org.testng.reporters.JUnitReportReporter -->
<testsuite hostname="DESKTOP-P1CM33A" failures="0" tests="2" name="SeleniumTesting.InitiateBrowser" time="6.403" errors="0" timestamp="2024-07-30T14:18:59 IST" skipped="0">
  <testcase classname="SeleniumTesting.InitiateBrowser" name="openURl" time="6.351"/>
  <testcase classname="SeleniumTesting.InitiateBrowser" name="search" time="0.052"/>
</testsuite> <!-- SeleniumTesting.InitiateBrowser -->
